<?xml version="1.0" encoding="UTF-8"?>
<!-- Generated by org.testng.reporters.JUnitXMLReporter -->
<testsuite ignored="0" hostname="Shopse-396" failures="0" tests="3" name="Submit Order Test" time="22.262" errors="0" timestamp="2024-07-25T18:16:04 GMT+05:30">
  <testcase classname="rahulshettyacademy.tests.submitOrderTest" name="submitorder" time="4.401"/>
  <testcase classname="rahulshettyacademy.tests.submitOrderTest" name="submitorder" time="3.99"/>
  <testcase classname="rahulshettyacademy.tests.submitOrderTest" name="OrderHistoryTest" time="0.595"/>
</testsuite> <!-- Submit Order Test -->
